[debug] [2024-07-27T13:36:31.446Z] ----------------------------------------------------------------------
[debug] [2024-07-27T13:36:31.447Z] Command:       /opt/homebrew/Cellar/node/22.5.1/bin/node /opt/homebrew/bin/firebase emulators:start
[debug] [2024-07-27T13:36:31.448Z] CLI Version:   13.14.2
[debug] [2024-07-27T13:36:31.448Z] Platform:      darwin
[debug] [2024-07-27T13:36:31.448Z] Node Version:  v22.5.1
[debug] [2024-07-27T13:36:31.448Z] Time:          Sat Jul 27 2024 19:06:31 GMT+0530 (India Standard Time)
[debug] [2024-07-27T13:36:31.448Z] ----------------------------------------------------------------------
[debug] 
[debug] [2024-07-27T13:36:31.500Z] > command requires scopes: ["email","openid","https://www.googleapis.com/auth/cloudplatformprojects.readonly","https://www.googleapis.com/auth/firebase","https://www.googleapis.com/auth/cloud-platform"]
[debug] [2024-07-27T13:36:31.500Z] > authorizing via signed-in user (jatinder.kumar@softradix.com)
[debug] [2024-07-27T13:36:31.618Z] openjdk version "17.0.11" 2024-04-16 LTS

[debug] [2024-07-27T13:36:31.619Z] OpenJDK Runtime Environment Zulu17.50+19-CA (build 17.0.11+9-LTS)
OpenJDK 64-Bit Server VM Zulu17.50+19-CA (build 17.0.11+9-LTS, mixed mode, sharing)

[debug] [2024-07-27T13:36:31.625Z] Parsed Java major version: 17
[info] i  emulators: Starting emulators: auth, firestore {"metadata":{"emulator":{"name":"hub"},"message":"Starting emulators: auth, firestore"}}
[debug] [2024-07-27T13:36:31.847Z] [logging] Logging Emulator only supports listening on one address (127.0.0.1). Not listening on ::1
[debug] [2024-07-27T13:36:31.847Z] [firestore] Firestore Emulator only supports listening on one address (127.0.0.1). Not listening on ::1
[debug] [2024-07-27T13:36:31.847Z] [firestore.websocket] websocket server for firestore only supports listening on one address (127.0.0.1). Not listening on ::1
[debug] [2024-07-27T13:36:31.848Z] assigned listening specs for emulators {"user":{"auth":[{"address":"127.0.0.1","family":"IPv4","port":9098}],"hub":[{"address":"127.0.0.1","family":"IPv4","port":4400},{"address":"::1","family":"IPv6","port":4400}],"ui":[{"address":"127.0.0.1","family":"IPv4","port":4000},{"address":"::1","family":"IPv6","port":4000}],"logging":[{"address":"127.0.0.1","family":"IPv4","port":4500}],"firestore":[{"address":"127.0.0.1","family":"IPv4","port":8080}],"firestore.websocket":[{"address":"127.0.0.1","family":"IPv4","port":9150}]},"metadata":{"message":"assigned listening specs for emulators"}}
[debug] [2024-07-27T13:36:31.856Z] [hub] writing locator at /var/folders/pg/pvd5ymd16yxc9fz5fhp7th8r0000gn/T/hub-fir-react-notifications.json
[warn] ⚠  firestore: Cloud Firestore Emulator does not support multiple databases yet. {"metadata":{"emulator":{"name":"firestore"},"message":"Cloud Firestore Emulator does not support multiple databases yet."}}
[warn] ⚠  firestore: Did not find a Cloud Firestore rules file specified in a firebase.json config file. {"metadata":{"emulator":{"name":"firestore"},"message":"Did not find a Cloud Firestore rules file specified in a firebase.json config file."}}
[warn] ⚠  firestore: The emulator will default to allowing all reads and writes. Learn more about this option: https://firebase.google.com/docs/emulator-suite/install_and_configure#security_rules_configuration. {"metadata":{"emulator":{"name":"firestore"},"message":"The emulator will default to allowing all reads and writes. Learn more about this option: https://firebase.google.com/docs/emulator-suite/install_and_configure#security_rules_configuration."}}
[debug] [2024-07-27T13:36:31.865Z] Ignoring unsupported arg: auto_download {"metadata":{"emulator":{"name":"firestore"},"message":"Ignoring unsupported arg: auto_download"}}
[debug] [2024-07-27T13:36:31.865Z] Ignoring unsupported arg: single_project_mode_error {"metadata":{"emulator":{"name":"firestore"},"message":"Ignoring unsupported arg: single_project_mode_error"}}
[debug] [2024-07-27T13:36:31.865Z] Starting Firestore Emulator with command {"binary":"java","args":["-Dgoogle.cloud_firestore.debug_log_level=FINE","-Duser.language=en","-jar","/Users/jatinder/.cache/firebase/emulators/cloud-firestore-emulator-v1.19.7.jar","--host","127.0.0.1","--port",8080,"--websocket_port",9150,"--project_id","fir-react-notifications","--single_project_mode",true],"optionalArgs":["port","webchannel_port","host","rules","websocket_port","functions_emulator","seed_from_export","project_id","single_project_mode"],"joinArgs":false,"shell":false} {"metadata":{"emulator":{"name":"firestore"},"message":"Starting Firestore Emulator with command {\"binary\":\"java\",\"args\":[\"-Dgoogle.cloud_firestore.debug_log_level=FINE\",\"-Duser.language=en\",\"-jar\",\"/Users/jatinder/.cache/firebase/emulators/cloud-firestore-emulator-v1.19.7.jar\",\"--host\",\"127.0.0.1\",\"--port\",8080,\"--websocket_port\",9150,\"--project_id\",\"fir-react-notifications\",\"--single_project_mode\",true],\"optionalArgs\":[\"port\",\"webchannel_port\",\"host\",\"rules\",\"websocket_port\",\"functions_emulator\",\"seed_from_export\",\"project_id\",\"single_project_mode\"],\"joinArgs\":false,\"shell\":false}"}}
[info] i  firestore: Firestore Emulator logging to firestore-debug.log {"metadata":{"emulator":{"name":"firestore"},"message":"Firestore Emulator logging to \u001b[1mfirestore-debug.log\u001b[22m"}}
[debug] [2024-07-27T13:36:32.611Z] Jul 27, 2024 7:06:32 PM com.google.cloud.datastore.emulator.firestore.websocket.WebSocketServer start
INFO: Started WebSocket server on ws://127.0.0.1:9150
 {"metadata":{"emulator":{"name":"firestore"},"message":"Jul 27, 2024 7:06:32 PM com.google.cloud.datastore.emulator.firestore.websocket.WebSocketServer start\nINFO: Started WebSocket server on ws://127.0.0.1:9150\n"}}
[debug] [2024-07-27T13:36:32.622Z] API endpoint: http:// {"metadata":{"emulator":{"name":"firestore"},"message":"API endpoint: http://"}}
[debug] [2024-07-27T13:36:32.623Z] 127.0.0.1:8080
If you are using a library that supports the FIRESTORE_EMULATOR_HOST environment variable, run:

   export FIRESTORE_EMULATOR_HOST=127.0.0.1:8080

If you are running a Firestore in Datastore Mode project, run:

   export DATASTORE_EMULATOR_HOST=127.0.0.1:8080

Note: Support for Datastore Mode is in preview. If you encounter any bugs please file at https://github.com/firebase/firebase-tools/issues.
Dev App Server is now running.

 {"metadata":{"emulator":{"name":"firestore"},"message":"127.0.0.1:8080\nIf you are using a library that supports the FIRESTORE_EMULATOR_HOST environment variable, run:\n\n   export FIRESTORE_EMULATOR_HOST=127.0.0.1:8080\n\nIf you are running a Firestore in Datastore Mode project, run:\n\n   export DATASTORE_EMULATOR_HOST=127.0.0.1:8080\n\nNote: Support for Datastore Mode is in preview. If you encounter any bugs please file at https://github.com/firebase/firebase-tools/issues.\nDev App Server is now running.\n\n"}}
[info] ✔  firestore: Firestore Emulator UI websocket is running on 9150. {"metadata":{"emulator":{"name":"firestore"},"message":"Firestore Emulator UI websocket is running on 9150."}}
[info] i  ui: downloading ui-v1.13.0.zip... {"metadata":{"emulator":{"name":"ui"},"message":"downloading ui-v1.13.0.zip..."}}
[debug] [2024-07-27T13:36:35.246Z] >>> [apiv2][query] GET https://storage.googleapis.com/firebase-preview-drop/emulator/ui-v1.13.0.zip 
[debug] [2024-07-27T13:36:35.650Z] <<< [apiv2][status] GET https://storage.googleapis.com/firebase-preview-drop/emulator/ui-v1.13.0.zip 200
[debug] [2024-07-27T13:36:35.650Z] <<< [apiv2][body] GET https://storage.googleapis.com/firebase-preview-drop/emulator/ui-v1.13.0.zip [stream]
[debug] [2024-07-27T13:36:36.567Z] Data is 3605485
[debug] [2024-07-27T13:36:36.567Z] [unzip] Entry: client/ (compressed_size=0 bytes, uncompressed_size=0 bytes)
[debug] [2024-07-27T13:36:36.567Z] [unzip] Processing entry: client/
[debug] [2024-07-27T13:36:36.567Z] [unzip] mkdir: /Users/jatinder/.cache/firebase/emulators/ui-v1.13.0/client/
[debug] [2024-07-27T13:36:36.568Z] [unzip] Entry: client/favicon-16x16.png (compressed_size=293 bytes, uncompressed_size=293 bytes)
[debug] [2024-07-27T13:36:36.568Z] [unzip] Processing entry: client/favicon-16x16.png
[debug] [2024-07-27T13:36:36.568Z] [unzip] else mkdir: /Users/jatinder/.cache/firebase/emulators/ui-v1.13.0/client
[debug] [2024-07-27T13:36:36.568Z] [unzip] Writing file: /Users/jatinder/.cache/firebase/emulators/ui-v1.13.0/client/favicon-16x16.png
[debug] [2024-07-27T13:36:36.569Z] [unzip] Entry: client/safari-pinned-tab.svg (compressed_size=1433 bytes, uncompressed_size=2611 bytes)
[debug] [2024-07-27T13:36:36.569Z] [unzip] Processing entry: client/safari-pinned-tab.svg
[debug] [2024-07-27T13:36:36.569Z] [unzip] else mkdir: /Users/jatinder/.cache/firebase/emulators/ui-v1.13.0/client
[debug] [2024-07-27T13:36:36.569Z] [unzip] deflating: /Users/jatinder/.cache/firebase/emulators/ui-v1.13.0/client/safari-pinned-tab.svg
[debug] [2024-07-27T13:36:36.574Z] [unzip] Entry: client/favicon.ico (compressed_size=2933 bytes, uncompressed_size=13294 bytes)
[debug] [2024-07-27T13:36:36.574Z] [unzip] Processing entry: client/favicon.ico
[debug] [2024-07-27T13:36:36.574Z] [unzip] else mkdir: /Users/jatinder/.cache/firebase/emulators/ui-v1.13.0/client
[debug] [2024-07-27T13:36:36.574Z] [unzip] deflating: /Users/jatinder/.cache/firebase/emulators/ui-v1.13.0/client/favicon.ico
[debug] [2024-07-27T13:36:36.576Z] [unzip] Entry: client/index.html (compressed_size=1361 bytes, uncompressed_size=3071 bytes)
[debug] [2024-07-27T13:36:36.576Z] [unzip] Processing entry: client/index.html
[debug] [2024-07-27T13:36:36.576Z] [unzip] else mkdir: /Users/jatinder/.cache/firebase/emulators/ui-v1.13.0/client
[debug] [2024-07-27T13:36:36.576Z] [unzip] deflating: /Users/jatinder/.cache/firebase/emulators/ui-v1.13.0/client/index.html
[debug] [2024-07-27T13:36:36.577Z] [unzip] Entry: client/android-chrome-192x192.png (compressed_size=2684 bytes, uncompressed_size=2684 bytes)
[debug] [2024-07-27T13:36:36.577Z] [unzip] Processing entry: client/android-chrome-192x192.png
[debug] [2024-07-27T13:36:36.577Z] [unzip] else mkdir: /Users/jatinder/.cache/firebase/emulators/ui-v1.13.0/client
[debug] [2024-07-27T13:36:36.577Z] [unzip] Writing file: /Users/jatinder/.cache/firebase/emulators/ui-v1.13.0/client/android-chrome-192x192.png
[debug] [2024-07-27T13:36:36.578Z] [unzip] Entry: client/apple-touch-icon.png (compressed_size=2123 bytes, uncompressed_size=2152 bytes)
[debug] [2024-07-27T13:36:36.578Z] [unzip] Processing entry: client/apple-touch-icon.png
[debug] [2024-07-27T13:36:36.578Z] [unzip] else mkdir: /Users/jatinder/.cache/firebase/emulators/ui-v1.13.0/client
[debug] [2024-07-27T13:36:36.578Z] [unzip] deflating: /Users/jatinder/.cache/firebase/emulators/ui-v1.13.0/client/apple-touch-icon.png
[debug] [2024-07-27T13:36:36.578Z] [unzip] Entry: client/android-chrome-512x512.png (compressed_size=5369 bytes, uncompressed_size=5411 bytes)
[debug] [2024-07-27T13:36:36.578Z] [unzip] Processing entry: client/android-chrome-512x512.png
[debug] [2024-07-27T13:36:36.578Z] [unzip] else mkdir: /Users/jatinder/.cache/firebase/emulators/ui-v1.13.0/client
[debug] [2024-07-27T13:36:36.578Z] [unzip] deflating: /Users/jatinder/.cache/firebase/emulators/ui-v1.13.0/client/android-chrome-512x512.png
[debug] [2024-07-27T13:36:36.579Z] [unzip] Entry: client/manifest.json (compressed_size=245 bytes, uncompressed_size=551 bytes)
[debug] [2024-07-27T13:36:36.579Z] [unzip] Processing entry: client/manifest.json
[debug] [2024-07-27T13:36:36.579Z] [unzip] else mkdir: /Users/jatinder/.cache/firebase/emulators/ui-v1.13.0/client
[debug] [2024-07-27T13:36:36.580Z] [unzip] deflating: /Users/jatinder/.cache/firebase/emulators/ui-v1.13.0/client/manifest.json
[debug] [2024-07-27T13:36:36.580Z] [unzip] Entry: client/robots.txt (compressed_size=26 bytes, uncompressed_size=26 bytes)
[debug] [2024-07-27T13:36:36.581Z] [unzip] Processing entry: client/robots.txt
[debug] [2024-07-27T13:36:36.581Z] [unzip] else mkdir: /Users/jatinder/.cache/firebase/emulators/ui-v1.13.0/client
[debug] [2024-07-27T13:36:36.581Z] [unzip] Writing file: /Users/jatinder/.cache/firebase/emulators/ui-v1.13.0/client/robots.txt
[debug] [2024-07-27T13:36:36.581Z] [unzip] Entry: client/mstile-150x150.png (compressed_size=2034 bytes, uncompressed_size=2034 bytes)
[debug] [2024-07-27T13:36:36.581Z] [unzip] Processing entry: client/mstile-150x150.png
[debug] [2024-07-27T13:36:36.581Z] [unzip] else mkdir: /Users/jatinder/.cache/firebase/emulators/ui-v1.13.0/client
[debug] [2024-07-27T13:36:36.581Z] [unzip] Writing file: /Users/jatinder/.cache/firebase/emulators/ui-v1.13.0/client/mstile-150x150.png
[debug] [2024-07-27T13:36:36.581Z] [unzip] Entry: client/assets/ (compressed_size=0 bytes, uncompressed_size=0 bytes)
[debug] [2024-07-27T13:36:36.581Z] [unzip] Processing entry: client/assets/
[debug] [2024-07-27T13:36:36.581Z] [unzip] mkdir: /Users/jatinder/.cache/firebase/emulators/ui-v1.13.0/client/assets/
[debug] [2024-07-27T13:36:36.582Z] [unzip] Entry: client/assets/index-I-mhtQda.js.map (compressed_size=2322562 bytes, uncompressed_size=9922747 bytes)
[debug] [2024-07-27T13:36:36.582Z] [unzip] Processing entry: client/assets/index-I-mhtQda.js.map
[debug] [2024-07-27T13:36:36.582Z] [unzip] else mkdir: /Users/jatinder/.cache/firebase/emulators/ui-v1.13.0/client/assets
[debug] [2024-07-27T13:36:36.582Z] [unzip] deflating: /Users/jatinder/.cache/firebase/emulators/ui-v1.13.0/client/assets/index-I-mhtQda.js.map
[debug] [2024-07-27T13:36:36.609Z] [unzip] Entry: client/assets/index-BdgySamB.css (compressed_size=35979 bytes, uncompressed_size=298654 bytes)
[debug] [2024-07-27T13:36:36.609Z] [unzip] Processing entry: client/assets/index-BdgySamB.css
[debug] [2024-07-27T13:36:36.610Z] [unzip] else mkdir: /Users/jatinder/.cache/firebase/emulators/ui-v1.13.0/client/assets
[debug] [2024-07-27T13:36:36.610Z] [unzip] deflating: /Users/jatinder/.cache/firebase/emulators/ui-v1.13.0/client/assets/index-BdgySamB.css
[debug] [2024-07-27T13:36:36.611Z] [unzip] Entry: client/assets/index-I-mhtQda.js (compressed_size=565968 bytes, uncompressed_size=2030855 bytes)
[debug] [2024-07-27T13:36:36.611Z] [unzip] Processing entry: client/assets/index-I-mhtQda.js
[debug] [2024-07-27T13:36:36.611Z] [unzip] else mkdir: /Users/jatinder/.cache/firebase/emulators/ui-v1.13.0/client/assets
[debug] [2024-07-27T13:36:36.611Z] [unzip] deflating: /Users/jatinder/.cache/firebase/emulators/ui-v1.13.0/client/assets/index-I-mhtQda.js
[debug] [2024-07-27T13:36:36.621Z] [unzip] Entry: client/assets/extensions/ (compressed_size=0 bytes, uncompressed_size=0 bytes)
[debug] [2024-07-27T13:36:36.621Z] [unzip] Processing entry: client/assets/extensions/
[debug] [2024-07-27T13:36:36.621Z] [unzip] mkdir: /Users/jatinder/.cache/firebase/emulators/ui-v1.13.0/client/assets/extensions/
[debug] [2024-07-27T13:36:36.621Z] [unzip] Entry: client/assets/extensions/default-extension.png (compressed_size=1646 bytes, uncompressed_size=1657 bytes)
[debug] [2024-07-27T13:36:36.621Z] [unzip] Processing entry: client/assets/extensions/default-extension.png
[debug] [2024-07-27T13:36:36.621Z] [unzip] else mkdir: /Users/jatinder/.cache/firebase/emulators/ui-v1.13.0/client/assets/extensions
[debug] [2024-07-27T13:36:36.621Z] [unzip] deflating: /Users/jatinder/.cache/firebase/emulators/ui-v1.13.0/client/assets/extensions/default-extension.png
[debug] [2024-07-27T13:36:36.622Z] [unzip] Entry: client/assets/img/ (compressed_size=0 bytes, uncompressed_size=0 bytes)
[debug] [2024-07-27T13:36:36.622Z] [unzip] Processing entry: client/assets/img/
[debug] [2024-07-27T13:36:36.622Z] [unzip] mkdir: /Users/jatinder/.cache/firebase/emulators/ui-v1.13.0/client/assets/img/
[debug] [2024-07-27T13:36:36.622Z] [unzip] Entry: client/assets/img/database.png (compressed_size=29449 bytes, uncompressed_size=29988 bytes)
[debug] [2024-07-27T13:36:36.622Z] [unzip] Processing entry: client/assets/img/database.png
[debug] [2024-07-27T13:36:36.622Z] [unzip] else mkdir: /Users/jatinder/.cache/firebase/emulators/ui-v1.13.0/client/assets/img
[debug] [2024-07-27T13:36:36.622Z] [unzip] deflating: /Users/jatinder/.cache/firebase/emulators/ui-v1.13.0/client/assets/img/database.png
[debug] [2024-07-27T13:36:36.622Z] [unzip] Entry: client/assets/provider-icons/ (compressed_size=0 bytes, uncompressed_size=0 bytes)
[debug] [2024-07-27T13:36:36.622Z] [unzip] Processing entry: client/assets/provider-icons/
[debug] [2024-07-27T13:36:36.622Z] [unzip] mkdir: /Users/jatinder/.cache/firebase/emulators/ui-v1.13.0/client/assets/provider-icons/
[debug] [2024-07-27T13:36:36.623Z] [unzip] Entry: client/assets/provider-icons/auth_service_saml.svg (compressed_size=575 bytes, uncompressed_size=1226 bytes)
[debug] [2024-07-27T13:36:36.623Z] [unzip] Processing entry: client/assets/provider-icons/auth_service_saml.svg
[debug] [2024-07-27T13:36:36.623Z] [unzip] else mkdir: /Users/jatinder/.cache/firebase/emulators/ui-v1.13.0/client/assets/provider-icons
[debug] [2024-07-27T13:36:36.623Z] [unzip] deflating: /Users/jatinder/.cache/firebase/emulators/ui-v1.13.0/client/assets/provider-icons/auth_service_saml.svg
[debug] [2024-07-27T13:36:36.623Z] [unzip] Entry: client/assets/provider-icons/auth_service_phone.svg (compressed_size=261 bytes, uncompressed_size=414 bytes)
[debug] [2024-07-27T13:36:36.623Z] [unzip] Processing entry: client/assets/provider-icons/auth_service_phone.svg
[debug] [2024-07-27T13:36:36.623Z] [unzip] else mkdir: /Users/jatinder/.cache/firebase/emulators/ui-v1.13.0/client/assets/provider-icons
[debug] [2024-07-27T13:36:36.623Z] [unzip] deflating: /Users/jatinder/.cache/firebase/emulators/ui-v1.13.0/client/assets/provider-icons/auth_service_phone.svg
[debug] [2024-07-27T13:36:36.623Z] [unzip] Entry: client/assets/provider-icons/auth_service_facebook.svg (compressed_size=289 bytes, uncompressed_size=457 bytes)
[debug] [2024-07-27T13:36:36.623Z] [unzip] Processing entry: client/assets/provider-icons/auth_service_facebook.svg
[debug] [2024-07-27T13:36:36.623Z] [unzip] else mkdir: /Users/jatinder/.cache/firebase/emulators/ui-v1.13.0/client/assets/provider-icons
[debug] [2024-07-27T13:36:36.623Z] [unzip] deflating: /Users/jatinder/.cache/firebase/emulators/ui-v1.13.0/client/assets/provider-icons/auth_service_facebook.svg
[debug] [2024-07-27T13:36:36.624Z] [unzip] Entry: client/assets/provider-icons/auth_service_game_center.svg (compressed_size=991 bytes, uncompressed_size=3921 bytes)
[debug] [2024-07-27T13:36:36.624Z] [unzip] Processing entry: client/assets/provider-icons/auth_service_game_center.svg
[debug] [2024-07-27T13:36:36.624Z] [unzip] else mkdir: /Users/jatinder/.cache/firebase/emulators/ui-v1.13.0/client/assets/provider-icons
[debug] [2024-07-27T13:36:36.624Z] [unzip] deflating: /Users/jatinder/.cache/firebase/emulators/ui-v1.13.0/client/assets/provider-icons/auth_service_game_center.svg
[debug] [2024-07-27T13:36:36.624Z] [unzip] Entry: client/assets/provider-icons/auth_service_apple.svg (compressed_size=230 bytes, uncompressed_size=334 bytes)
[debug] [2024-07-27T13:36:36.624Z] [unzip] Processing entry: client/assets/provider-icons/auth_service_apple.svg
[debug] [2024-07-27T13:36:36.624Z] [unzip] else mkdir: /Users/jatinder/.cache/firebase/emulators/ui-v1.13.0/client/assets/provider-icons
[debug] [2024-07-27T13:36:36.624Z] [unzip] deflating: /Users/jatinder/.cache/firebase/emulators/ui-v1.13.0/client/assets/provider-icons/auth_service_apple.svg
[debug] [2024-07-27T13:36:36.624Z] [unzip] Entry: client/assets/provider-icons/auth_service_github.svg (compressed_size=466 bytes, uncompressed_size=838 bytes)
[debug] [2024-07-27T13:36:36.624Z] [unzip] Processing entry: client/assets/provider-icons/auth_service_github.svg
[debug] [2024-07-27T13:36:36.624Z] [unzip] else mkdir: /Users/jatinder/.cache/firebase/emulators/ui-v1.13.0/client/assets/provider-icons
[debug] [2024-07-27T13:36:36.624Z] [unzip] deflating: /Users/jatinder/.cache/firebase/emulators/ui-v1.13.0/client/assets/provider-icons/auth_service_github.svg
[debug] [2024-07-27T13:36:36.625Z] [unzip] Entry: client/assets/provider-icons/auth_service_mslive.svg (compressed_size=203 bytes, uncompressed_size=378 bytes)
[debug] [2024-07-27T13:36:36.625Z] [unzip] Processing entry: client/assets/provider-icons/auth_service_mslive.svg
[debug] [2024-07-27T13:36:36.625Z] [unzip] else mkdir: /Users/jatinder/.cache/firebase/emulators/ui-v1.13.0/client/assets/provider-icons
[debug] [2024-07-27T13:36:36.625Z] [unzip] deflating: /Users/jatinder/.cache/firebase/emulators/ui-v1.13.0/client/assets/provider-icons/auth_service_mslive.svg
[debug] [2024-07-27T13:36:36.625Z] [unzip] Entry: client/assets/provider-icons/auth_service_yahoo.svg (compressed_size=577 bytes, uncompressed_size=1182 bytes)
[debug] [2024-07-27T13:36:36.625Z] [unzip] Processing entry: client/assets/provider-icons/auth_service_yahoo.svg
[debug] [2024-07-27T13:36:36.625Z] [unzip] else mkdir: /Users/jatinder/.cache/firebase/emulators/ui-v1.13.0/client/assets/provider-icons
[debug] [2024-07-27T13:36:36.625Z] [unzip] deflating: /Users/jatinder/.cache/firebase/emulators/ui-v1.13.0/client/assets/provider-icons/auth_service_yahoo.svg
[debug] [2024-07-27T13:36:36.625Z] [unzip] Entry: client/assets/provider-icons/auth_service_twitter.svg (compressed_size=444 bytes, uncompressed_size=751 bytes)
[debug] [2024-07-27T13:36:36.625Z] [unzip] Processing entry: client/assets/provider-icons/auth_service_twitter.svg
[debug] [2024-07-27T13:36:36.625Z] [unzip] else mkdir: /Users/jatinder/.cache/firebase/emulators/ui-v1.13.0/client/assets/provider-icons
[debug] [2024-07-27T13:36:36.625Z] [unzip] deflating: /Users/jatinder/.cache/firebase/emulators/ui-v1.13.0/client/assets/provider-icons/auth_service_twitter.svg
[debug] [2024-07-27T13:36:36.626Z] [unzip] Entry: client/assets/provider-icons/auth_service_play_games.svg (compressed_size=565 bytes, uncompressed_size=1173 bytes)
[debug] [2024-07-27T13:36:36.626Z] [unzip] Processing entry: client/assets/provider-icons/auth_service_play_games.svg
[debug] [2024-07-27T13:36:36.626Z] [unzip] else mkdir: /Users/jatinder/.cache/firebase/emulators/ui-v1.13.0/client/assets/provider-icons
[debug] [2024-07-27T13:36:36.626Z] [unzip] deflating: /Users/jatinder/.cache/firebase/emulators/ui-v1.13.0/client/assets/provider-icons/auth_service_play_games.svg
[debug] [2024-07-27T13:36:36.626Z] [unzip] Entry: client/assets/provider-icons/auth_service_email.svg (compressed_size=228 bytes, uncompressed_size=326 bytes)
[debug] [2024-07-27T13:36:36.626Z] [unzip] Processing entry: client/assets/provider-icons/auth_service_email.svg
[debug] [2024-07-27T13:36:36.626Z] [unzip] else mkdir: /Users/jatinder/.cache/firebase/emulators/ui-v1.13.0/client/assets/provider-icons
[debug] [2024-07-27T13:36:36.626Z] [unzip] deflating: /Users/jatinder/.cache/firebase/emulators/ui-v1.13.0/client/assets/provider-icons/auth_service_email.svg
[debug] [2024-07-27T13:36:36.626Z] [unzip] Entry: client/assets/provider-icons/auth_service_google.svg (compressed_size=409 bytes, uncompressed_size=720 bytes)
[debug] [2024-07-27T13:36:36.626Z] [unzip] Processing entry: client/assets/provider-icons/auth_service_google.svg
[debug] [2024-07-27T13:36:36.626Z] [unzip] else mkdir: /Users/jatinder/.cache/firebase/emulators/ui-v1.13.0/client/assets/provider-icons
[debug] [2024-07-27T13:36:36.626Z] [unzip] deflating: /Users/jatinder/.cache/firebase/emulators/ui-v1.13.0/client/assets/provider-icons/auth_service_google.svg
[debug] [2024-07-27T13:36:36.626Z] [unzip] Entry: client/assets/provider-icons/auth_service_oidc.svg (compressed_size=414 bytes, uncompressed_size=858 bytes)
[debug] [2024-07-27T13:36:36.626Z] [unzip] Processing entry: client/assets/provider-icons/auth_service_oidc.svg
[debug] [2024-07-27T13:36:36.626Z] [unzip] else mkdir: /Users/jatinder/.cache/firebase/emulators/ui-v1.13.0/client/assets/provider-icons
[debug] [2024-07-27T13:36:36.627Z] [unzip] deflating: /Users/jatinder/.cache/firebase/emulators/ui-v1.13.0/client/assets/provider-icons/auth_service_oidc.svg
[debug] [2024-07-27T13:36:36.627Z] [unzip] Entry: client/browserconfig.xml (compressed_size=491 bytes, uncompressed_size=822 bytes)
[debug] [2024-07-27T13:36:36.627Z] [unzip] Processing entry: client/browserconfig.xml
[debug] [2024-07-27T13:36:36.627Z] [unzip] else mkdir: /Users/jatinder/.cache/firebase/emulators/ui-v1.13.0/client
[debug] [2024-07-27T13:36:36.627Z] [unzip] deflating: /Users/jatinder/.cache/firebase/emulators/ui-v1.13.0/client/browserconfig.xml
[debug] [2024-07-27T13:36:36.627Z] [unzip] Entry: client/favicon-32x32.png (compressed_size=475 bytes, uncompressed_size=475 bytes)
[debug] [2024-07-27T13:36:36.627Z] [unzip] Processing entry: client/favicon-32x32.png
[debug] [2024-07-27T13:36:36.627Z] [unzip] else mkdir: /Users/jatinder/.cache/firebase/emulators/ui-v1.13.0/client
[debug] [2024-07-27T13:36:36.627Z] [unzip] Writing file: /Users/jatinder/.cache/firebase/emulators/ui-v1.13.0/client/favicon-32x32.png
[debug] [2024-07-27T13:36:36.627Z] [unzip] Entry: server/ (compressed_size=0 bytes, uncompressed_size=0 bytes)
[debug] [2024-07-27T13:36:36.627Z] [unzip] Processing entry: server/
[debug] [2024-07-27T13:36:36.627Z] [unzip] mkdir: /Users/jatinder/.cache/firebase/emulators/ui-v1.13.0/server/
[debug] [2024-07-27T13:36:36.627Z] [unzip] Entry: server/server.mjs.map (compressed_size=294629 bytes, uncompressed_size=1346672 bytes)
[debug] [2024-07-27T13:36:36.627Z] [unzip] Processing entry: server/server.mjs.map
[debug] [2024-07-27T13:36:36.627Z] [unzip] else mkdir: /Users/jatinder/.cache/firebase/emulators/ui-v1.13.0/server
[debug] [2024-07-27T13:36:36.627Z] [unzip] deflating: /Users/jatinder/.cache/firebase/emulators/ui-v1.13.0/server/server.mjs.map
[debug] [2024-07-27T13:36:36.631Z] [unzip] Entry: server/server.mjs (compressed_size=314679 bytes, uncompressed_size=1167517 bytes)
[debug] [2024-07-27T13:36:36.631Z] [unzip] Processing entry: server/server.mjs
[debug] [2024-07-27T13:36:36.631Z] [unzip] else mkdir: /Users/jatinder/.cache/firebase/emulators/ui-v1.13.0/server
[debug] [2024-07-27T13:36:36.631Z] [unzip] deflating: /Users/jatinder/.cache/firebase/emulators/ui-v1.13.0/server/server.mjs
[debug] [2024-07-27T13:36:36.633Z] [unzip] Entry: server/assets/ (compressed_size=0 bytes, uncompressed_size=0 bytes)
[debug] [2024-07-27T13:36:36.633Z] [unzip] Processing entry: server/assets/
[debug] [2024-07-27T13:36:36.633Z] [unzip] mkdir: /Users/jatinder/.cache/firebase/emulators/ui-v1.13.0/server/assets/
[debug] [2024-07-27T13:36:36.633Z] [unzip] Entry: server/assets/multipart-parser-DGCUZdXu.mjs.map (compressed_size=4791 bytes, uncompressed_size=17918 bytes)
[debug] [2024-07-27T13:36:36.633Z] [unzip] Processing entry: server/assets/multipart-parser-DGCUZdXu.mjs.map
[debug] [2024-07-27T13:36:36.633Z] [unzip] else mkdir: /Users/jatinder/.cache/firebase/emulators/ui-v1.13.0/server/assets
[debug] [2024-07-27T13:36:36.634Z] [unzip] deflating: /Users/jatinder/.cache/firebase/emulators/ui-v1.13.0/server/assets/multipart-parser-DGCUZdXu.mjs.map
[debug] [2024-07-27T13:36:36.634Z] [unzip] Entry: server/assets/multipart-parser-DGCUZdXu.mjs (compressed_size=2621 bytes, uncompressed_size=10390 bytes)
[debug] [2024-07-27T13:36:36.634Z] [unzip] Processing entry: server/assets/multipart-parser-DGCUZdXu.mjs
[debug] [2024-07-27T13:36:36.634Z] [unzip] else mkdir: /Users/jatinder/.cache/firebase/emulators/ui-v1.13.0/server/assets
[debug] [2024-07-27T13:36:36.634Z] [unzip] deflating: /Users/jatinder/.cache/firebase/emulators/ui-v1.13.0/server/assets/multipart-parser-DGCUZdXu.mjs
[debug] [2024-07-27T13:36:36.634Z] Ignoring unsupported arg: auto_download {"metadata":{"emulator":{"name":"ui"},"message":"Ignoring unsupported arg: auto_download"}}
[debug] [2024-07-27T13:36:36.634Z] Ignoring unsupported arg: port {"metadata":{"emulator":{"name":"ui"},"message":"Ignoring unsupported arg: port"}}
[debug] [2024-07-27T13:36:36.634Z] Starting Emulator UI with command {"binary":"node","args":["/Users/jatinder/.cache/firebase/emulators/ui-v1.13.0/server/server.mjs"],"optionalArgs":[],"joinArgs":false,"shell":false} {"metadata":{"emulator":{"name":"ui"},"message":"Starting Emulator UI with command {\"binary\":\"node\",\"args\":[\"/Users/jatinder/.cache/firebase/emulators/ui-v1.13.0/server/server.mjs\"],\"optionalArgs\":[],\"joinArgs\":false,\"shell\":false}"}}
[info] i  ui: Emulator UI logging to ui-debug.log {"metadata":{"emulator":{"name":"ui"},"message":"Emulator UI logging to \u001b[1mui-debug.log\u001b[22m"}}
[debug] [2024-07-27T13:36:36.736Z] Web / API server started at 127.0.0.1:4000
 {"metadata":{"emulator":{"name":"ui"},"message":"Web / API server started at 127.0.0.1:4000\n"}}
[debug] [2024-07-27T13:36:36.736Z] Web / API server started at ::1:4000
 {"metadata":{"emulator":{"name":"ui"},"message":"Web / API server started at ::1:4000\n"}}
[info] 
┌─────────────────────────────────────────────────────────────┐
│ ✔  All emulators ready! It is now safe to connect your app. │
│ i  View Emulator UI at http://127.0.0.1:4000/               │
└─────────────────────────────────────────────────────────────┘

┌────────────────┬────────────────┬─────────────────────────────────┐
│ Emulator       │ Host:Port      │ View in Emulator UI             │
├────────────────┼────────────────┼─────────────────────────────────┤
│ Authentication │ 127.0.0.1:9098 │ http://127.0.0.1:4000/auth      │
├────────────────┼────────────────┼─────────────────────────────────┤
│ Firestore      │ 127.0.0.1:8080 │ http://127.0.0.1:4000/firestore │
└────────────────┴────────────────┴─────────────────────────────────┘
  Emulator Hub running at 127.0.0.1:4400
  Other reserved ports: 4500, 9150

Issues? Report them at https://github.com/firebase/firebase-tools/issues and attach the *-debug.log files.
 
[debug] [2024-07-27T13:36:45.307Z] Jul 27, 2024 7:06:45 PM com.google.cloud.datastore.emulator.firestore.websocket.WebSocketChannelHandler initChannel
INFO: Connected to new websocket client
 {"metadata":{"emulator":{"name":"firestore"},"message":"Jul 27, 2024 7:06:45 PM com.google.cloud.datastore.emulator.firestore.websocket.WebSocketChannelHandler initChannel\nINFO: Connected to new websocket client\n"}}
[debug] [2024-07-27T13:36:56.950Z] Jul 27, 2024 7:06:56 PM com.google.cloud.datastore.emulator.firestore.websocket.WebSocketChannelHandler channelClosed
INFO: Websocket client disconnected
 {"metadata":{"emulator":{"name":"firestore"},"message":"Jul 27, 2024 7:06:56 PM com.google.cloud.datastore.emulator.firestore.websocket.WebSocketChannelHandler channelClosed\nINFO: Websocket client disconnected\n"}}
[debug] [2024-07-27T13:37:05.771Z] Jul 27, 2024 7:07:05 PM com.google.cloud.datastore.emulator.firestore.websocket.WebSocketChannelHandler initChannel
INFO: Connected to new websocket client
 {"metadata":{"emulator":{"name":"firestore"},"message":"Jul 27, 2024 7:07:05 PM com.google.cloud.datastore.emulator.firestore.websocket.WebSocketChannelHandler initChannel\nINFO: Connected to new websocket client\n"}}
[debug] [2024-07-27T13:37:17.282Z] Jul 27, 2024 7:07:17 PM io.gapi.emulators.netty.HttpVersionRoutingHandler channelRead
INFO: Detected non-HTTP/2 connection.
 {"metadata":{"emulator":{"name":"firestore"},"message":"Jul 27, 2024 7:07:17 PM io.gapi.emulators.netty.HttpVersionRoutingHandler channelRead\nINFO: Detected non-HTTP/2 connection.\n"}}
[debug] [2024-07-27T13:37:17.805Z] Jul 27, 2024 7:07:17 PM io.gapi.emulators.netty.NotFoundHandler handleRequest
INFO: Unknown request URI: /favicon.ico
 {"metadata":{"emulator":{"name":"firestore"},"message":"Jul 27, 2024 7:07:17 PM io.gapi.emulators.netty.NotFoundHandler handleRequest\nINFO: Unknown request URI: /favicon.ico\n"}}
[debug] [2024-07-27T13:37:21.615Z] Jul 27, 2024 7:07:21 PM com.google.cloud.datastore.emulator.firestore.websocket.WebSocketChannelHandler initChannel
INFO: Connected to new websocket client
 {"metadata":{"emulator":{"name":"firestore"},"message":"Jul 27, 2024 7:07:21 PM com.google.cloud.datastore.emulator.firestore.websocket.WebSocketChannelHandler initChannel\nINFO: Connected to new websocket client\n"}}
[debug] [2024-07-27T13:37:21.663Z] Jul 27, 2024 7:07:21 PM io.gapi.emulators.netty.HttpVersionRoutingHandler channelRead
INFO: Detected non-HTTP/2 connection.
 {"metadata":{"emulator":{"name":"firestore"},"message":"Jul 27, 2024 7:07:21 PM io.gapi.emulators.netty.HttpVersionRoutingHandler channelRead\nINFO: Detected non-HTTP/2 connection.\n"}}
[debug] [2024-07-27T13:37:21.804Z] Jul 27, 2024 7:07:21 PM io.gapi.emulators.netty.HttpVersionRoutingHandler channelRead
INFO: Detected HTTP/2 connection.
 {"metadata":{"emulator":{"name":"firestore"},"message":"Jul 27, 2024 7:07:21 PM io.gapi.emulators.netty.HttpVersionRoutingHandler channelRead\nINFO: Detected HTTP/2 connection.\n"}}
[debug] [2024-07-27T13:37:32.080Z] Jul 27, 2024 7:07:32 PM io.gapi.emulators.netty.HttpVersionRoutingHandler channelRead
INFO: Detected non-HTTP/2 connection.
 {"metadata":{"emulator":{"name":"firestore"},"message":"Jul 27, 2024 7:07:32 PM io.gapi.emulators.netty.HttpVersionRoutingHandler channelRead\nINFO: Detected non-HTTP/2 connection.\n"}}
[debug] [2024-07-27T13:40:07.031Z] Jul 27, 2024 7:10:07 PM io.gapi.emulators.netty.HttpVersionRoutingHandler channelRead
INFO: Detected non-HTTP/2 connection.
 {"metadata":{"emulator":{"name":"firestore"},"message":"Jul 27, 2024 7:10:07 PM io.gapi.emulators.netty.HttpVersionRoutingHandler channelRead\nINFO: Detected non-HTTP/2 connection.\n"}}
[debug] [2024-07-27T13:44:52.284Z] Jul 27, 2024 7:14:52 PM io.gapi.emulators.netty.HttpVersionRoutingHandler channelRead
INFO: Detected non-HTTP/2 connection.
 {"metadata":{"emulator":{"name":"firestore"},"message":"Jul 27, 2024 7:14:52 PM io.gapi.emulators.netty.HttpVersionRoutingHandler channelRead\nINFO: Detected non-HTTP/2 connection.\n"}}
[debug] [2024-07-27T13:47:56.128Z] Jul 27, 2024 7:17:56 PM io.gapi.emulators.netty.HttpVersionRoutingHandler channelRead
INFO: Detected non-HTTP/2 connection.
 {"metadata":{"emulator":{"name":"firestore"},"message":"Jul 27, 2024 7:17:56 PM io.gapi.emulators.netty.HttpVersionRoutingHandler channelRead\nINFO: Detected non-HTTP/2 connection.\n"}}
[debug] [2024-07-27T13:51:35.258Z] Jul 27, 2024 7:21:35 PM io.gapi.emulators.netty.HttpVersionRoutingHandler channelRead
INFO: Detected non-HTTP/2 connection.
 {"metadata":{"emulator":{"name":"firestore"},"message":"Jul 27, 2024 7:21:35 PM io.gapi.emulators.netty.HttpVersionRoutingHandler channelRead\nINFO: Detected non-HTTP/2 connection.\n"}}
[debug] [2024-07-27T13:51:37.433Z] Jul 27, 2024 7:21:37 PM com.google.cloud.datastore.emulator.firestore.websocket.WebSocketChannelHandler channelClosed
INFO: Websocket client disconnected
 {"metadata":{"emulator":{"name":"firestore"},"message":"Jul 27, 2024 7:21:37 PM com.google.cloud.datastore.emulator.firestore.websocket.WebSocketChannelHandler channelClosed\nINFO: Websocket client disconnected\n"}}
[debug] [2024-07-27T13:51:37.821Z] Jul 27, 2024 7:21:37 PM com.google.cloud.datastore.emulator.firestore.websocket.WebSocketChannelHandler initChannel
INFO: Connected to new websocket client
 {"metadata":{"emulator":{"name":"firestore"},"message":"Jul 27, 2024 7:21:37 PM com.google.cloud.datastore.emulator.firestore.websocket.WebSocketChannelHandler initChannel\nINFO: Connected to new websocket client\n"}}
[debug] [2024-07-27T13:51:37.831Z] Jul 27, 2024 7:21:37 PM io.gapi.emulators.netty.HttpVersionRoutingHandler channelRead
INFO: Detected non-HTTP/2 connection.
 {"metadata":{"emulator":{"name":"firestore"},"message":"Jul 27, 2024 7:21:37 PM io.gapi.emulators.netty.HttpVersionRoutingHandler channelRead\nINFO: Detected non-HTTP/2 connection.\n"}}
[debug] [2024-07-27T13:52:06.948Z] Jul 27, 2024 7:22:06 PM com.google.cloud.datastore.emulator.firestore.websocket.WebSocketChannelHandler channelClosed
INFO: Websocket client disconnected
 {"metadata":{"emulator":{"name":"firestore"},"message":"Jul 27, 2024 7:22:06 PM com.google.cloud.datastore.emulator.firestore.websocket.WebSocketChannelHandler channelClosed\nINFO: Websocket client disconnected\n"}}
[debug] [2024-07-27T13:52:06.970Z] Jul 27, 2024 7:22:06 PM io.gapi.emulators.netty.HttpVersionRoutingHandler channelRead
INFO: Detected non-HTTP/2 connection.
 {"metadata":{"emulator":{"name":"firestore"},"message":"Jul 27, 2024 7:22:06 PM io.gapi.emulators.netty.HttpVersionRoutingHandler channelRead\nINFO: Detected non-HTTP/2 connection.\n"}}
[debug] [2024-07-27T13:52:08.872Z] Jul 27, 2024 7:22:08 PM com.google.cloud.datastore.emulator.firestore.websocket.WebSocketChannelHandler channelClosed
INFO: Websocket client disconnected
 {"metadata":{"emulator":{"name":"firestore"},"message":"Jul 27, 2024 7:22:08 PM com.google.cloud.datastore.emulator.firestore.websocket.WebSocketChannelHandler channelClosed\nINFO: Websocket client disconnected\n"}}
